<?xml version="1.0" encoding="UTF-8"?>
<!-- Generated by org.testng.reporters.JUnitXMLReporter -->
<testsuite ignored="2" hostname="DESKTOP-Q7S0LT0" failures="0" tests="6" name="TestRunner-Edge" time="158.413" errors="0" timestamp="2024-07-04T11:18:23 IST">
  <testcase classname="com.testngcast.crm.parallelorgtest.CreateOrganizationTest" name="CreateOrganizationWithPhoneNumber" time="12.209"/>
  <testcase classname="com.testngcast.crm.parallelorgtest.CreateOrganizationTest" name="createOrganizationTest" time="11.435"/>
  <testcase classname="com.testngcast.crm.parallelorgtest.CreateOrganizationTest" name="createOrganizationWithIndustriesTest" time="12.006"/>
  <testcase classname="com.testngcast.crm.parallelcontacttest.CreateContactTest" name="createContactTest" time="18.236"/>
  <testcase classname="com.testngcast.crm.parallelcontacttest.CreateContactTest" name="createContactWithOrgTest" time="26.058"/>
  <testcase classname="com.testngcast.crm.parallelcontacttest.CreateContactTest" name="createContactWithSupportDate" time="14.487"/>
  <testcase classname="com.testngcast.crm.generic.parallelbasetest.BaseClass" name="@BeforeSuite configBS" time="0.0">
    <ignored/>
  </testcase> <!-- @BeforeSuite configBS -->
  <testcase classname="com.testngcast.crm.generic.parallelbasetest.BaseClass" name="@AfterSuite configAS" time="0.0">
    <ignored/>
  </testcase> <!-- @AfterSuite configAS -->
</testsuite> <!-- TestRunner-Edge -->
