<?xml version="1.0" encoding="UTF-8"?>
<!-- Generated by org.testng.reporters.JUnitXMLReporter -->
<testsuite ignored="2" hostname="DESKTOP-Q7S0LT0" failures="0" tests="6" name="TestRunner-Chrome" time="187.019" errors="0" timestamp="2024-07-04T11:15:45 IST">
  <testcase classname="com.testngcast.crm.parallelorgtest.CreateOrganizationTest" name="CreateOrganizationWithPhoneNumber" time="24.29"/>
  <testcase classname="com.testngcast.crm.parallelorgtest.CreateOrganizationTest" name="createOrganizationTest" time="12.457"/>
  <testcase classname="com.testngcast.crm.parallelorgtest.CreateOrganizationTest" name="createOrganizationWithIndustriesTest" time="11.076"/>
  <testcase classname="com.testngcast.crm.parallelcontacttest.CreateContactTest" name="createContactTest" time="16.909"/>
  <testcase classname="com.testngcast.crm.parallelcontacttest.CreateContactTest" name="createContactWithOrgTest" time="27.387"/>
  <testcase classname="com.testngcast.crm.parallelcontacttest.CreateContactTest" name="createContactWithSupportDate" time="15.417"/>
  <testcase classname="com.testngcast.crm.generic.parallelbasetest.BaseClass" name="@BeforeSuite configBS" time="0.0">
    <ignored/>
  </testcase> <!-- @BeforeSuite configBS -->
  <testcase classname="com.testngcast.crm.generic.parallelbasetest.BaseClass" name="@AfterSuite configAS" time="0.0">
    <ignored/>
  </testcase> <!-- @AfterSuite configAS -->
</testsuite> <!-- TestRunner-Chrome -->
