<?xml version="1.0" encoding="UTF-8"?>
<!-- Generated by org.testng.reporters.JUnitXMLReporter -->
<testsuite ignored="2" hostname="DESKTOP-Q7S0LT0" failures="0" tests="6" name="TestRunner-Firefox" time="340.488" errors="0" timestamp="2024-07-04T11:12:38 IST">
  <testcase classname="com.testngcast.crm.parallelorgtest.CreateOrganizationTest" name="CreateOrganizationWithPhoneNumber" time="34.533"/>
  <testcase classname="com.testngcast.crm.parallelorgtest.CreateOrganizationTest" name="createOrganizationTest" time="13.99"/>
  <testcase classname="com.testngcast.crm.parallelorgtest.CreateOrganizationTest" name="createOrganizationWithIndustriesTest" time="19.732"/>
  <testcase classname="com.testngcast.crm.parallelcontacttest.CreateContactTest" name="createContactTest" time="24.206"/>
  <testcase classname="com.testngcast.crm.parallelcontacttest.CreateContactTest" name="createContactWithOrgTest" time="46.997"/>
  <testcase classname="com.testngcast.crm.parallelcontacttest.CreateContactTest" name="createContactWithSupportDate" time="16.469"/>
  <testcase classname="com.testngcast.crm.generic.parallelbasetest.BaseClass" name="@BeforeSuite configBS" time="0.0">
    <ignored/>
  </testcase> <!-- @BeforeSuite configBS -->
  <testcase classname="com.testngcast.crm.generic.parallelbasetest.BaseClass" name="@AfterSuite configAS" time="0.0">
    <ignored/>
  </testcase> <!-- @AfterSuite configAS -->
</testsuite> <!-- TestRunner-Firefox -->
