<?xml version="1.0" encoding="UTF-8"?>
<!-- Generated by org.testng.reporters.JUnitXMLReporter -->
<testsuite ignored="0" hostname="DESKTOP-Q7S0LT0" failures="0" tests="3" name="Test_1" time="140.664" errors="0" timestamp="2024-07-04T13:34:45 IST">
  <testcase classname="com.testngcast.crm.contacttest.CreateContactTest" name="createContactTest" time="24.858"/>
  <testcase classname="com.testngcast.crm.contacttest.CreateContactTest" name="createContactWithOrgTest" time="38.963"/>
  <testcase classname="com.testngcast.crm.contacttest.CreateContactTest" name="createContactWithSupportDate" time="14.623"/>
</testsuite> <!-- Test_1 -->
