<?xml version="1.0" encoding="UTF-8"?>
<!-- Generated by org.testng.reporters.JUnitXMLReporter -->
<testsuite ignored="2" hostname="DESKTOP-Q7S0LT0" failures="0" tests="1" name="Test" time="51.988" errors="0" timestamp="2024-07-05T16:56:11 IST">
  <testcase classname="com.testngcast.crm.listenerorgtest.CreateOrganizationTest" name="createOrganizationTest" time="18.729"/>
  <testcase classname="com.testngcast.crm.listenerorgtest.CreateOrganizationTest" name="CreateOrganizationWithPhoneNumber" time="0.0">
    <ignored/>
  </testcase> <!-- CreateOrganizationWithPhoneNumber -->
  <testcase classname="com.testngcast.crm.listenerorgtest.CreateOrganizationTest" name="createOrganizationWithIndustriesTest" time="0.0">
    <ignored/>
  </testcase> <!-- createOrganizationWithIndustriesTest -->
</testsuite> <!-- Test -->
