<?xml version="1.0" encoding="UTF-8"?>
<!-- Generated by org.testng.reporters.JUnitXMLReporter -->
<testsuite ignored="0" hostname="DESKTOP-Q7S0LT0" failures="0" tests="3" name="Test_2" time="135.132" errors="0" timestamp="2024-07-04T13:34:40 IST">
  <testcase classname="com.testngcast.crm.orgtest.CreateOrganizationTest" name="CreateOrganizationWithPhoneNumber" time="20.1"/>
  <testcase classname="com.testngcast.crm.orgtest.CreateOrganizationTest" name="createOrganizationTest" time="17.155"/>
  <testcase classname="com.testngcast.crm.orgtest.CreateOrganizationTest" name="createOrganizationWithIndustriesTest" time="18.257"/>
</testsuite> <!-- Test_2 -->
