<?xml version="1.0" encoding="UTF-8"?>
<!-- Generated by org.testng.reporters.JUnitXMLReporter -->
<testsuite ignored="2" hostname="DESKTOP-Q7S0LT0" failures="0" tests="1" name="Test_1(failed)(failed)(failed)" time="91.296" errors="0" timestamp="2024-07-04T13:26:15 IST">
  <testcase classname="com.testngcast.crm.contacttest.CreateContactTest" name="createContactWithOrgTest" time="50.547"/>
  <testcase classname="com.testngcast.crm.contacttest.CreateContactTest" name="createContactTest" time="0.0">
    <ignored/>
  </testcase> <!-- createContactTest -->
  <testcase classname="com.testngcast.crm.contacttest.CreateContactTest" name="createContactWithSupportDate" time="0.0">
    <ignored/>
  </testcase> <!-- createContactWithSupportDate -->
</testsuite> <!-- Test_1(failed)(failed)(failed) -->
