<?xml version="1.0" encoding="UTF-8"?>
<!-- Generated by org.testng.reporters.JUnitXMLReporter -->
<testsuite ignored="3" hostname="DESKTOP-Q7S0LT0" failures="0" tests="5" name="TestRunner-Chrome(failed)" time="143.5" errors="0" timestamp="2024-07-04T10:46:57 IST">
  <testcase classname="com.testngcast.crm.parallelcontacttest.CreateContactTest" name="createContactWithOrgTest" time="26.434"/>
  <testcase classname="com.testngcast.crm.parallelcontacttest.CreateContactTest" name="createContactWithSupportDate" time="15.139"/>
  <testcase classname="com.testngcast.crm.parallelorgtest.CreateOrganizationTest" name="CreateOrganizationWithPhoneNumber" time="12.661"/>
  <testcase classname="com.testngcast.crm.parallelorgtest.CreateOrganizationTest" name="createOrganizationWithIndustriesTest" time="11.236"/>
  <testcase classname="com.testngcast.crm.parallelorgtest.CreateOrganizationTest" name="createOrganizationTest" time="12.602"/>
  <testcase classname="com.testngcast.crm.parallelcontacttest.CreateContactTest" name="createContactTest" time="0.0">
    <ignored/>
  </testcase> <!-- createContactTest -->
  <testcase classname="com.testngcast.crm.generic.parallelbasetest.BaseClass" name="@BeforeSuite configBS" time="0.0">
    <ignored/>
  </testcase> <!-- @BeforeSuite configBS -->
  <testcase classname="com.testngcast.crm.generic.parallelbasetest.BaseClass" name="@AfterSuite configAS" time="0.0">
    <ignored/>
  </testcase> <!-- @AfterSuite configAS -->
</testsuite> <!-- TestRunner-Chrome(failed) -->
