<?xml version="1.0" encoding="UTF-8"?>
<!-- Generated by org.testng.reporters.JUnitXMLReporter -->
<testsuite ignored="2" hostname="DESKTOP-Q7S0LT0" failures="0" tests="1" name="Test(failed)" time="129.888" errors="0" timestamp="2024-07-03T12:30:35 IST">
  <testcase classname="com.testngcast.crm.regressioncontacttest.CreateContactTest" name="createContactWithOrgTest" time="78.045"/>
  <testcase classname="com.testngcast.crm.regressioncontacttest.CreateContactTest" name="createContactTest" time="0.0">
    <ignored/>
  </testcase> <!-- createContactTest -->
  <testcase classname="com.testngcast.crm.regressioncontacttest.CreateContactTest" name="createContactWithSupportDate" time="0.0">
    <ignored/>
  </testcase> <!-- createContactWithSupportDate -->
</testsuite> <!-- Test(failed) -->
