<?xml version="1.0" encoding="UTF-8"?>
<!-- Generated by org.testng.reporters.JUnitXMLReporter -->
<testsuite ignored="2" hostname="DESKTOP-Q7S0LT0" failures="0" tests="6" name="TestRunner-Firefox(failed)" time="439.648" errors="0" timestamp="2024-07-04T10:44:33 IST">
  <testcase classname="com.testngcast.crm.parallelcontacttest.CreateContactTest" name="createContactWithOrgTest" time="147.869"/>
  <testcase classname="com.testngcast.crm.parallelcontacttest.CreateContactTest" name="createContactTest" time="21.945"/>
  <testcase classname="com.testngcast.crm.parallelcontacttest.CreateContactTest" name="createContactWithSupportDate" time="14.744"/>
  <testcase classname="com.testngcast.crm.parallelorgtest.CreateOrganizationTest" name="CreateOrganizationWithPhoneNumber" time="13.054"/>
  <testcase classname="com.testngcast.crm.parallelorgtest.CreateOrganizationTest" name="createOrganizationWithIndustriesTest" time="14.013"/>
  <testcase classname="com.testngcast.crm.parallelorgtest.CreateOrganizationTest" name="createOrganizationTest" time="12.501"/>
  <testcase classname="com.testngcast.crm.generic.parallelbasetest.BaseClass" name="@BeforeSuite configBS" time="0.0">
    <ignored/>
  </testcase> <!-- @BeforeSuite configBS -->
  <testcase classname="com.testngcast.crm.generic.parallelbasetest.BaseClass" name="@AfterSuite configAS" time="0.0">
    <ignored/>
  </testcase> <!-- @AfterSuite configAS -->
</testsuite> <!-- TestRunner-Firefox(failed) -->
