<?xml version="1.0" encoding="UTF-8"?>
<!-- Generated by org.testng.reporters.JUnitXMLReporter -->
<testsuite ignored="0" hostname="DESKTOP-Q7S0LT0" failures="0" tests="3" name="Test_2(failed)" time="354.888" errors="0" timestamp="2024-07-04T13:00:23 IST">
  <testcase classname="com.testngcast.crm.orgtest.CreateOrganizationTest" name="createOrganizationTest" time="104.745"/>
  <testcase classname="com.testngcast.crm.orgtest.CreateOrganizationTest" name="createOrganizationWithIndustriesTest" time="22.533"/>
  <testcase classname="com.testngcast.crm.orgtest.CreateOrganizationTest" name="CreateOrganizationWithPhoneNumber" time="18.973"/>
</testsuite> <!-- Test_2(failed) -->
